<?xml version="1.0" encoding="UTF-8"?>
<!-- Generated by org.testng.reporters.JUnitReportReporter -->
<testsuite skipped="0" hostname="DESKTOP-INQUNRP" name="com.Omecen.LoginTests.NegativeLoginTest" tests="1" failures="0" timestamp="2021-11-17T20:47:10 EST" time="1.398" errors="0">
  <testcase name="badPassword" time="1.398" classname="com.Omecen.LoginTests.NegativeLoginTest"/>
</testsuite> <!-- com.Omecen.LoginTests.NegativeLoginTest -->
