<?xml version="1.0" encoding="UTF-8"?>
<!-- Generated by org.testng.reporters.JUnitReportReporter -->
<testsuite skipped="0" hostname="DESKTOP-INQUNRP" name="com.Omecen.LoginTests.PositiveLoginTest" tests="1" failures="0" timestamp="2021-11-18T21:59:41 EST" time="0.543" errors="0">
  <testcase name="validCredentialTest" time="0.543" classname="com.Omecen.LoginTests.PositiveLoginTest"/>
</testsuite> <!-- com.Omecen.LoginTests.PositiveLoginTest -->
