<?xml version="1.0" encoding="UTF-8"?>
<!-- Generated by org.testng.reporters.JUnitReportReporter -->
<testsuite skipped="0" hostname="DESKTOP-INQUNRP" name="com.Omecen.LoginTests.NegativeLoginTest" tests="1" failures="0" timestamp="2021-11-18T21:59:41 EST" time="0.648" errors="0">
  <testcase name="badPassword" time="0.648" classname="com.Omecen.LoginTests.NegativeLoginTest"/>
</testsuite> <!-- com.Omecen.LoginTests.NegativeLoginTest -->
