<?xml version="1.0" encoding="UTF-8"?>
<!-- Generated by org.testng.reporters.JUnitReportReporter -->
<testsuite skipped="0" hostname="DESKTOP-INQUNRP" name="com.Omecen.NewInvoiceTests.InvoiceLinkTest" tests="1" failures="0" timestamp="2021-11-18T21:59:41 EST" time="8.090" errors="0">
  <testcase name="clickInvoiceTest" time="8.090" classname="com.Omecen.NewInvoiceTests.InvoiceLinkTest"/>
</testsuite> <!-- com.Omecen.NewInvoiceTests.InvoiceLinkTest -->
