<?xml version="1.0" encoding="UTF-8"?>
<!-- Generated by org.testng.reporters.JUnitReportReporter -->
<testsuite skipped="0" hostname="DESKTOP-INQUNRP" name="com.Omecen.LoginTests.PositiveLoginTest" tests="1" failures="0" timestamp="2021-11-17T20:40:54 EST" time="3.382" errors="0">
  <testcase name="validCredentialTest" time="3.382" classname="com.Omecen.LoginTests.PositiveLoginTest"/>
</testsuite> <!-- com.Omecen.LoginTests.PositiveLoginTest -->
