<?xml version="1.0" encoding="UTF-8"?>
<!-- Generated by org.testng.reporters.JUnitReportReporter -->
<testsuite skipped="0" hostname="DESKTOP-INQUNRP" name="com.Omecen.DummyTest" tests="1" failures="0" timestamp="2021-11-10T20:50:24 EST" time="0.020" errors="0">
  <testcase name="testOne" time="0.020" classname="com.Omecen.DummyTest"/>
</testsuite> <!-- com.Omecen.DummyTest -->
